Using pre-set license
Built from '2021.3/staging' branch; Version is '2021.3.25f1 (68ef2c4f8861) revision 6876972'; Using compiler version '192829333'; Build Type 'Release'
OS: 'Windows 11  (10.0.22621) 64bit Core' Language: 'en' Physical Memory: 7953 MB
BatchMode: 1, IsHumanControllingUs: 0, StartBugReporterOnCrash: 0, Is64bit: 1, IsPro: 1

COMMAND LINE ARGUMENTS:
C:\Program Files\Unity\Hub\Editor\2021.3.25f1\Editor\Unity.exe
-adb2
-batchMode
-noUpm
-name
AssetImportWorker5
-projectPath
C:/Users/14423/OneDrive/Desktop/Unity/PeerPressure
-logFile
Logs/AssetImportWorker5.log
-srvPort
54901
Successfully changed project path to: C:/Users/14423/OneDrive/Desktop/Unity/PeerPressure
C:/Users/14423/OneDrive/Desktop/Unity/PeerPressure
[UnityMemory] Configuration Parameters - Can be set up in boot.config
    "memorysetup-bucket-allocator-granularity=16"
    "memorysetup-bucket-allocator-bucket-count=8"
    "memorysetup-bucket-allocator-block-size=33554432"
    "memorysetup-bucket-allocator-block-count=8"
    "memorysetup-main-allocator-block-size=16777216"
    "memorysetup-thread-allocator-block-size=16777216"
    "memorysetup-gfx-main-allocator-block-size=16777216"
    "memorysetup-gfx-thread-allocator-block-size=16777216"
    "memorysetup-cache-allocator-block-size=4194304"
    "memorysetup-typetree-allocator-block-size=2097152"
    "memorysetup-profiler-bucket-allocator-granularity=16"
    "memorysetup-profiler-bucket-allocator-bucket-count=8"
    "memorysetup-profiler-bucket-allocator-block-size=33554432"
    "memorysetup-profiler-bucket-allocator-block-count=8"
    "memorysetup-profiler-allocator-block-size=16777216"
    "memorysetup-profiler-editor-allocator-block-size=1048576"
    "memorysetup-temp-allocator-size-main=16777216"
    "memorysetup-job-temp-allocator-block-size=2097152"
    "memorysetup-job-temp-allocator-block-size-background=1048576"
    "memorysetup-job-temp-allocator-reduction-small-platforms=262144"
    "memorysetup-temp-allocator-size-background-worker=32768"
    "memorysetup-temp-allocator-size-job-worker=262144"
    "memorysetup-temp-allocator-size-preload-manager=33554432"
    "memorysetup-temp-allocator-size-nav-mesh-worker=65536"
    "memorysetup-temp-allocator-size-audio-worker=65536"
    "memorysetup-temp-allocator-size-cloud-worker=32768"
    "memorysetup-temp-allocator-size-gi-baking-worker=262144"
    "memorysetup-temp-allocator-size-gfx=262144"
Player connection [6836] Host "[IP] 192.168.0.219 [Port] 0 [Flags] 2 [Guid] 3737687585 [EditorId] 3737687585 [Version] 1048832 [Id] WindowsEditor(7,HuyDSon) [Debug] 1 [PackageName] WindowsEditor [ProjectName] Editor" joined multi-casting on [225.0.0.222:54997]...

Player connection [6836] Host "[IP] 192.168.0.219 [Port] 0 [Flags] 2 [Guid] 3737687585 [EditorId] 3737687585 [Version] 1048832 [Id] WindowsEditor(7,HuyDSon) [Debug] 1 [PackageName] WindowsEditor [ProjectName] Editor" joined alternative multi-casting on [225.0.0.222:34997]...

Refreshing native plugins compatible for Editor in 81.13 ms, found 3 plugins.
Preloading 0 native plugins for Editor in 0.00 ms.
Initialize engine version: 2021.3.25f1 (68ef2c4f8861)
[Subsystems] Discovering subsystems at path C:/Program Files/Unity/Hub/Editor/2021.3.25f1/Editor/Data/Resources/UnitySubsystems
[Subsystems] Discovering subsystems at path C:/Users/14423/OneDrive/Desktop/Unity/PeerPressure/Assets
GfxDevice: creating device client; threaded=0; jobified=0
Direct3D:
    Version:  Direct3D 11.0 [level 11.1]
    Renderer: Intel(R) Iris(R) Xe Graphics (ID=0x9a49)
    Vendor:   Intel
    VRAM:     3976 MB
    Driver:   30.0.101.1191
Initialize mono
Mono path[0] = 'C:/Program Files/Unity/Hub/Editor/2021.3.25f1/Editor/Data/Managed'
Mono path[1] = 'C:/Program Files/Unity/Hub/Editor/2021.3.25f1/Editor/Data/MonoBleedingEdge/lib/mono/unityjit-win32'
Mono config path = 'C:/Program Files/Unity/Hub/Editor/2021.3.25f1/Editor/Data/MonoBleedingEdge/etc'
Using monoOptions --debugger-agent=transport=dt_socket,embedding=1,server=y,suspend=n,address=127.0.0.1:56600
Begin MonoManager ReloadAssembly
Registering precompiled unity dll's ...
Register platform support module: C:/Program Files/Unity/Hub/Editor/2021.3.25f1/Editor/Data/PlaybackEngines/WebGLSupport/UnityEditor.WebGL.Extensions.dll
Register platform support module: C:/Program Files/Unity/Hub/Editor/2021.3.25f1/Editor/Data/PlaybackEngines/MacStandaloneSupport/UnityEditor.OSXStandalone.Extensions.dll
Register platform support module: C:/Program Files/Unity/Hub/Editor/2021.3.25f1/Editor/Data/PlaybackEngines/AndroidPlayer/UnityEditor.Android.Extensions.dll
Register platform support module: C:/Program Files/Unity/Hub/Editor/2021.3.25f1/Editor/Data/PlaybackEngines/iOSSupport/UnityEditor.iOS.Extensions.dll
Register platform support module: C:/Program Files/Unity/Hub/Editor/2021.3.25f1/Editor/Data/PlaybackEngines/AppleTVSupport/UnityEditor.AppleTV.Extensions.dll
Register platform support module: C:/Program Files/Unity/Hub/Editor/2021.3.25f1/Editor/Data/PlaybackEngines/WindowsStandaloneSupport/UnityEditor.WindowsStandalone.Extensions.dll
Register platform support module: C:/Program Files/Unity/Hub/Editor/2021.3.25f1/Editor/Data/PlaybackEngines/LinuxStandaloneSupport/UnityEditor.LinuxStandalone.Extensions.dll
Register platform support module: C:/Program Files/Unity/Hub/Editor/2021.3.25f1/Editor/Data/PlaybackEngines/MetroSupport/UnityEditor.UWP.Extensions.dll
Registered in 0.021153 seconds.
Native extension for UWP target not found
Native extension for LinuxStandalone target not found
Native extension for WindowsStandalone target not found
[usbmuxd] Start listen thread
[usbmuxd] Listen thread started
Native extension for AppleTV target not found
[usbmuxd] Start listen thread
[usbmuxd] Listen thread started
Native extension for iOS target not found
Native extension for Android target not found
Android Extension - Scanning For ADB Devices 872 ms
Native extension for OSXStandalone target not found
Native extension for WebGL target not found
Refreshing native plugins compatible for Editor in 92.53 ms, found 3 plugins.
Preloading 0 native plugins for Editor in 0.00 ms.
Mono: successfully reloaded assembly
- Completed reload, in  1.724 seconds
Domain Reload Profiling:
	ReloadAssembly (1724ms)
		BeginReloadAssembly (133ms)
			ExecutionOrderSort (0ms)
			DisableScriptedObjects (0ms)
			BackupInstance (0ms)
			ReleaseScriptingObjects (0ms)
			CreateAndSetChildDomain (1ms)
		EndReloadAssembly (1453ms)
			LoadAssemblies (138ms)
			RebuildTransferFunctionScriptingTraits (0ms)
			SetupTypeCache (123ms)
			ReleaseScriptCaches (0ms)
			RebuildScriptCaches (31ms)
			SetupLoadedEditorAssemblies (1242ms)
				LogAssemblyErrors (0ms)
				InitializePlatformSupportModulesInManaged (1026ms)
				SetLoadedEditorAssemblies (0ms)
				RefreshPlugins (93ms)
				BeforeProcessingInitializeOnLoad (2ms)
				ProcessInitializeOnLoadAttributes (84ms)
				ProcessInitializeOnLoadMethodAttributes (36ms)
				AfterProcessingInitializeOnLoad (0ms)
				EditorAssembliesLoaded (0ms)
			ExecutionOrderSort2 (0ms)
			AwakeInstancesAfterBackupRestoration (0ms)
Platform modules already initialized, skipping
Registering precompiled user dll's ...
Registered in 0.017200 seconds.
Begin MonoManager ReloadAssembly
Symbol file LoadedFromMemory doesn't match image C:\Users\14423\OneDrive\Desktop\Unity\PeerPressure\Library\PackageCache\com.unity.visualscripting@1.8.0\Editor\VisualScripting.Core\Dependencies\YamlDotNet\Unity.VisualScripting.YamlDotNet.dll
Symbol file LoadedFromMemory doesn't match image C:\Users\14423\OneDrive\Desktop\Unity\PeerPressure\Library\PackageCache\com.unity.visualscripting@1.8.0\Editor\VisualScripting.Core\Dependencies\DotNetZip\Unity.VisualScripting.IonicZip.dll
Native extension for UWP target not found
Native extension for LinuxStandalone target not found
Native extension for WindowsStandalone target not found
Native extension for AppleTV target not found
Native extension for iOS target not found
Native extension for Android target not found
Native extension for OSXStandalone target not found
Native extension for WebGL target not found
Refreshing native plugins compatible for Editor in 0.81 ms, found 3 plugins.
Preloading 0 native plugins for Editor in 0.00 ms.
Mono: successfully reloaded assembly
- Completed reload, in  1.392 seconds
Domain Reload Profiling:
	ReloadAssembly (1393ms)
		BeginReloadAssembly (117ms)
			ExecutionOrderSort (0ms)
			DisableScriptedObjects (5ms)
			BackupInstance (0ms)
			ReleaseScriptingObjects (0ms)
			CreateAndSetChildDomain (24ms)
		EndReloadAssembly (1164ms)
			LoadAssemblies (132ms)
			RebuildTransferFunctionScriptingTraits (0ms)
			SetupTypeCache (428ms)
			ReleaseScriptCaches (2ms)
			RebuildScriptCaches (72ms)
			SetupLoadedEditorAssemblies (450ms)
				LogAssemblyErrors (0ms)
				InitializePlatformSupportModulesInManaged (42ms)
				SetLoadedEditorAssemblies (0ms)
				RefreshPlugins (1ms)
				BeforeProcessingInitializeOnLoad (75ms)
				ProcessInitializeOnLoadAttributes (304ms)
				ProcessInitializeOnLoadMethodAttributes (20ms)
				AfterProcessingInitializeOnLoad (7ms)
				EditorAssembliesLoaded (0ms)
			ExecutionOrderSort2 (0ms)
			AwakeInstancesAfterBackupRestoration (9ms)
Platform modules already initialized, skipping
========================================================================
Worker process is ready to serve import requests
Launched and connected shader compiler UnityShaderCompiler.exe after 0.09 seconds
Refreshing native plugins compatible for Editor in 1.71 ms, found 3 plugins.
Preloading 0 native plugins for Editor in 0.00 ms.
Unloading 3253 Unused Serialized files (Serialized files now loaded: 0)
Unloading 35 unused Assets / (357.4 KB). Loaded Objects now: 3721.
Memory consumption went from 123.9 MB to 123.6 MB.
Total: 2.743200 ms (FindLiveObjects: 0.265600 ms CreateObjectMapping: 0.121700 ms MarkObjects: 2.250600 ms  DeleteObjects: 0.104200 ms)

AssetImportParameters requested are different than current active one (requested -> active):
  custom:video-decoder-ogg-theora: a1e56fd34408186e4bbccfd4996cb3dc -> 
  custom:container-muxer-webm: aa71ff27fc2769a1b78a27578f13a17b -> 
  custom:container-demuxer-webm: 4f35f7cbe854078d1ac9338744f61a02 -> 
  custom:video-encoder-webm-vp8: eb34c28f22e8b96e1ab97ce403110664 -> 
  custom:video-codec-MediaFoundation-h265: 746d11721c4dcdbdad8f713fa42b33f4 -> 
  custom:audio-encoder-webm-vorbis: bf7c407c2cedff20999df2af8eb42d56 -> 
  custom:framework-win-MediaFoundation: 216162199b28c13a410421893ffa2e32 -> 
  custom:container-demuxer-ogg: 62fdf1f143b41e24485cea50d1cbac27 -> 
  custom:video-decoder-webm-vp8: 9c59270c3fd7afecdb556c50c9e8de78 -> 
  custom:audio-decoder-ogg-vorbis: bf7c407c2cedff20999df2af8eb42d56 -> 
========================================================================
Received Import Request.
  Time since last request: 526978.560856 seconds.
  path: Assets/Material/1.mat
  artifactKey: Guid(30b92673b9b7ef44c9c11a474d9910c9) Importer(815301076,1909f56bfc062723c751e8b465ee728b)
Start importing Assets/Material/1.mat using Guid(30b92673b9b7ef44c9c11a474d9910c9) Importer(815301076,1909f56bfc062723c751e8b465ee728b)  -> (artifact id: '9d8fc2e1aea5b9b730d04262d6a7a5ae') in 0.330453 seconds 
========================================================================
Received Import Request.
  Time since last request: 0.000051 seconds.
  path: Assets/Material/Vol_2_3_Wood 2.mat
  artifactKey: Guid(49607b444be39f74f87e8fd6fb105586) Importer(815301076,1909f56bfc062723c751e8b465ee728b)
Start importing Assets/Material/Vol_2_3_Wood 2.mat using Guid(49607b444be39f74f87e8fd6fb105586) Importer(815301076,1909f56bfc062723c751e8b465ee728b)  -> (artifact id: '8baa43a7bb6c3f85b67452818f64eee9') in 0.120463 seconds 
========================================================================
Received Import Request.
  Time since last request: 0.000085 seconds.
  path: Assets/Material/M_Ground.mat
  artifactKey: Guid(66c7dbe36cfd0b9429efe251cec3b33d) Importer(815301076,1909f56bfc062723c751e8b465ee728b)
Start importing Assets/Material/M_Ground.mat using Guid(66c7dbe36cfd0b9429efe251cec3b33d) Importer(815301076,1909f56bfc062723c751e8b465ee728b)  -> (artifact id: '5b57527f6700d87b8a8857a733b42ead') in 0.033028 seconds 
========================================================================
Received Import Request.
  Time since last request: 0.000035 seconds.
  path: Assets/Material/Stylize Wood  Diffuse.mat
  artifactKey: Guid(4c577c226c9a1694c87afcaa1fe637d8) Importer(815301076,1909f56bfc062723c751e8b465ee728b)
Start importing Assets/Material/Stylize Wood  Diffuse.mat using Guid(4c577c226c9a1694c87afcaa1fe637d8) Importer(815301076,1909f56bfc062723c751e8b465ee728b)  -> (artifact id: 'b9350ab31fe09022374cb02566993290') in 0.082621 seconds 
========================================================================
Received Import Request.
  Time since last request: 0.000039 seconds.
  path: Assets/Material/Door_Frame_Texture.mat
  artifactKey: Guid(6f9a79fb76ed6aa42b9f85e100f35ab2) Importer(815301076,1909f56bfc062723c751e8b465ee728b)
Start importing Assets/Material/Door_Frame_Texture.mat using Guid(6f9a79fb76ed6aa42b9f85e100f35ab2) Importer(815301076,1909f56bfc062723c751e8b465ee728b)  -> (artifact id: '400f03b34b0571378e07f2201363c228') in 0.055068 seconds 
========================================================================
Received Import Request.
  Time since last request: 0.000038 seconds.
  path: Assets/Material/T_Generic_colors.mat
  artifactKey: Guid(d26653261fd014a4388956425a2f459e) Importer(815301076,1909f56bfc062723c751e8b465ee728b)
Start importing Assets/Material/T_Generic_colors.mat using Guid(d26653261fd014a4388956425a2f459e) Importer(815301076,1909f56bfc062723c751e8b465ee728b)  -> (artifact id: 'b7b96bdd2675da31a96c3c7af88cd4f1') in 0.046273 seconds 
========================================================================
Received Import Request.
  Time since last request: 0.000039 seconds.
  path: Assets/Material/Vol_30_3_Roofs.mat
  artifactKey: Guid(78f6c3f1d47eef84f9ee5e607fad4c0c) Importer(815301076,1909f56bfc062723c751e8b465ee728b)
Start importing Assets/Material/Vol_30_3_Roofs.mat using Guid(78f6c3f1d47eef84f9ee5e607fad4c0c) Importer(815301076,1909f56bfc062723c751e8b465ee728b)  -> (artifact id: '72d2b56ede4542d147dc9dc87947b1c1') in 0.119433 seconds 
========================================================================
Received Import Request.
  Time since last request: 0.000031 seconds.
  path: Assets/Material/Beach_Sand_1.mat
  artifactKey: Guid(fb83b073c61d7904b9585e01eb88a122) Importer(815301076,1909f56bfc062723c751e8b465ee728b)
Start importing Assets/Material/Beach_Sand_1.mat using Guid(fb83b073c61d7904b9585e01eb88a122) Importer(815301076,1909f56bfc062723c751e8b465ee728b)  -> (artifact id: 'bca53efaecb50d7c59256f537ae06852') in 0.414790 seconds 
========================================================================
Received Import Request.
  Time since last request: 0.000084 seconds.
  path: Assets/Material/Texture/vol_2_3_Ambient_Occlusion.png
  artifactKey: Guid(40a62786649ecba4280166147e79e5f1) Importer(815301076,1909f56bfc062723c751e8b465ee728b)
Start importing Assets/Material/Texture/vol_2_3_Ambient_Occlusion.png using Guid(40a62786649ecba4280166147e79e5f1) Importer(815301076,1909f56bfc062723c751e8b465ee728b)  -> (artifact id: '942ee286a764f71bbd3145ee642c83ca') in 0.098388 seconds 
========================================================================
Received Import Request.
  Time since last request: 0.000046 seconds.
  path: Assets/Material/Texture/vol_2_3_Base_Color.png
  artifactKey: Guid(900f4bd6447eeb041a44d3066d2409ad) Importer(815301076,1909f56bfc062723c751e8b465ee728b)
Start importing Assets/Material/Texture/vol_2_3_Base_Color.png using Guid(900f4bd6447eeb041a44d3066d2409ad) Importer(815301076,1909f56bfc062723c751e8b465ee728b)  -> (artifact id: '21c1b4c5433256f0b761408e92d867bf') in 0.058027 seconds 
========================================================================
Received Import Request.
  Time since last request: 0.000065 seconds.
  path: Assets/Material/Texture/vol_2_3_Height.png
  artifactKey: Guid(ff699ec2e2baca441a519cd901ae2f86) Importer(815301076,1909f56bfc062723c751e8b465ee728b)
Start importing Assets/Material/Texture/vol_2_3_Height.png using Guid(ff699ec2e2baca441a519cd901ae2f86) Importer(815301076,1909f56bfc062723c751e8b465ee728b)  -> (artifact id: 'b8c33681c9e53607ca811fcb534521c0') in 0.074974 seconds 
========================================================================
Received Import Request.
  Time since last request: 0.000063 seconds.
  path: Assets/Material/Vol_16_2_Sand.mat
  artifactKey: Guid(49f3385eb1c319941be8623439f1eb49) Importer(815301076,1909f56bfc062723c751e8b465ee728b)
Start importing Assets/Material/Vol_16_2_Sand.mat using Guid(49f3385eb1c319941be8623439f1eb49) Importer(815301076,1909f56bfc062723c751e8b465ee728b)  -> (artifact id: '254ff600df2e843c5bba61e7b956d3ed') in 0.113319 seconds 
========================================================================
Received Import Request.
  Time since last request: 0.000039 seconds.
  path: Assets/Material/New Material.mat
  artifactKey: Guid(07cf8c4f915ef514680a48f1e10c0e86) Importer(815301076,1909f56bfc062723c751e8b465ee728b)
Start importing Assets/Material/New Material.mat using Guid(07cf8c4f915ef514680a48f1e10c0e86) Importer(815301076,1909f56bfc062723c751e8b465ee728b)  -> (artifact id: '574249854e6fd8ecb61f930cbbd7af93') in 0.042296 seconds 
========================================================================
Received Import Request.
  Time since last request: 0.000178 seconds.
  path: Assets/Material/Ceiling_of_School.mat
  artifactKey: Guid(572ee05b9688bfa4895d7bbfa702c497) Importer(815301076,1909f56bfc062723c751e8b465ee728b)
Start importing Assets/Material/Ceiling_of_School.mat using Guid(572ee05b9688bfa4895d7bbfa702c497) Importer(815301076,1909f56bfc062723c751e8b465ee728b)  -> (artifact id: '59aee5d5a531a4de770286ea91cd3823') in 0.063031 seconds 
========================================================================
Received Import Request.
  Time since last request: 0.000069 seconds.
  path: Assets/Material/floor_color.mat
  artifactKey: Guid(1dbcdd8ff94528e48b2ec42b537b1d40) Importer(815301076,1909f56bfc062723c751e8b465ee728b)
Start importing Assets/Material/floor_color.mat using Guid(1dbcdd8ff94528e48b2ec42b537b1d40) Importer(815301076,1909f56bfc062723c751e8b465ee728b)  -> (artifact id: 'e445198af4282e880fb51be2161a891d') in 0.040740 seconds 
========================================================================
Received Import Request.
  Time since last request: 0.000026 seconds.
  path: Assets/Material/New Material 1.mat
  artifactKey: Guid(78a681737f6f5ec42bf40ba8651966ba) Importer(815301076,1909f56bfc062723c751e8b465ee728b)
Start importing Assets/Material/New Material 1.mat using Guid(78a681737f6f5ec42bf40ba8651966ba) Importer(815301076,1909f56bfc062723c751e8b465ee728b)  -> (artifact id: '69709f2e05f3829ba7c7d8a04177e907') in 0.062663 seconds 
========================================================================
Received Import Request.
  Time since last request: 0.000052 seconds.
  path: Assets/Material/Vol_42_1_Vegetation.mat
  artifactKey: Guid(9c3435b7cf3210044b3a24266d8aebf1) Importer(815301076,1909f56bfc062723c751e8b465ee728b)
Start importing Assets/Material/Vol_42_1_Vegetation.mat using Guid(9c3435b7cf3210044b3a24266d8aebf1) Importer(815301076,1909f56bfc062723c751e8b465ee728b)  -> (artifact id: '4051809c9c64a9e6dc13357800518b62') in 0.148758 seconds 
========================================================================
Received Import Request.
  Time since last request: 0.000082 seconds.
  path: Assets/Material/Vol_58_1_Surface.mat
  artifactKey: Guid(e94c7625cd2e80d4e8fd19b24fc89d93) Importer(815301076,1909f56bfc062723c751e8b465ee728b)
Start importing Assets/Material/Vol_58_1_Surface.mat using Guid(e94c7625cd2e80d4e8fd19b24fc89d93) Importer(815301076,1909f56bfc062723c751e8b465ee728b)  -> (artifact id: 'aa109ce3b4ae91763cf73a26bd3c4c67') in 0.101158 seconds 
========================================================================
Received Import Request.
  Time since last request: 0.000023 seconds.
  path: Assets/Material/Vol_7_1_Tiles.mat
  artifactKey: Guid(d7345edb353d0794296950a9adb3ad4d) Importer(815301076,1909f56bfc062723c751e8b465ee728b)
Start importing Assets/Material/Vol_7_1_Tiles.mat using Guid(d7345edb353d0794296950a9adb3ad4d) Importer(815301076,1909f56bfc062723c751e8b465ee728b)  -> (artifact id: 'e000d979f5fcec14d56c54aae71626d9') in 0.089422 seconds 
========================================================================
Received Import Request.
  Time since last request: 0.000039 seconds.
  path: Assets/Material/Texture/streetbench2_N.tga
  artifactKey: Guid(eda9c0fe62d3dbd4b8f2fdba8f9b4fa4) Importer(815301076,1909f56bfc062723c751e8b465ee728b)
Start importing Assets/Material/Texture/streetbench2_N.tga using Guid(eda9c0fe62d3dbd4b8f2fdba8f9b4fa4) Importer(815301076,1909f56bfc062723c751e8b465ee728b)  -> (artifact id: '605732d20ea0e7ffc78af3dea2a822d6') in 0.067283 seconds 
========================================================================
Received Import Request.
  Time since last request: 0.000080 seconds.
  path: Assets/Material/Texture/Ceiling_of_School.png
  artifactKey: Guid(919e481deced13b458e56366471459ae) Importer(815301076,1909f56bfc062723c751e8b465ee728b)
Start importing Assets/Material/Texture/Ceiling_of_School.png using Guid(919e481deced13b458e56366471459ae) Importer(815301076,1909f56bfc062723c751e8b465ee728b)  -> (artifact id: '7483fa7cbc45fcdc29154ac04b0a36ab') in 0.070057 seconds 
========================================================================
Received Import Request.
  Time since last request: 0.000026 seconds.
  path: Assets/Material/Vol_36_5_Water.mat
  artifactKey: Guid(490c25b2fda35fc4582a9582c4179ad5) Importer(815301076,1909f56bfc062723c751e8b465ee728b)
Start importing Assets/Material/Vol_36_5_Water.mat using Guid(490c25b2fda35fc4582a9582c4179ad5) Importer(815301076,1909f56bfc062723c751e8b465ee728b)  -> (artifact id: 'd5517c26cc9ce6d19b5c12ea73b8d712') in 0.115805 seconds 
========================================================================
Received Import Request.
  Time since last request: 5.027003 seconds.
  path: Assets/Prefab/School_props/a laptop.fbx
  artifactKey: Guid(6a3802d04cb8d4e4d8e354e4a4098cba) Importer(815301076,1909f56bfc062723c751e8b465ee728b)
Start importing Assets/Prefab/School_props/a laptop.fbx using Guid(6a3802d04cb8d4e4d8e354e4a4098cba) Importer(815301076,1909f56bfc062723c751e8b465ee728b)  -> (artifact id: 'dc0421d5ab8420c5b249b546c62fe798') in 0.105878 seconds 
========================================================================
Received Import Request.
  Time since last request: 0.000035 seconds.
  path: Assets/Prefab/School_props/button.fbx
  artifactKey: Guid(f91d72df50fef7f489d2eeb99baf0c1d) Importer(815301076,1909f56bfc062723c751e8b465ee728b)
Start importing Assets/Prefab/School_props/button.fbx using Guid(f91d72df50fef7f489d2eeb99baf0c1d) Importer(815301076,1909f56bfc062723c751e8b465ee728b)  -> (artifact id: '59cb7643372904b9687b91b83222eaea') in 0.080649 seconds 
========================================================================
Received Import Request.
  Time since last request: 0.000049 seconds.
  path: Assets/Prefab/School_props/locker.fbx
  artifactKey: Guid(a92e660226b52b745a9b7bc5e9794051) Importer(815301076,1909f56bfc062723c751e8b465ee728b)
Start importing Assets/Prefab/School_props/locker.fbx using Guid(a92e660226b52b745a9b7bc5e9794051) Importer(815301076,1909f56bfc062723c751e8b465ee728b)  -> (artifact id: '7acca66fdb3599b9e861372832fc7e85') in 0.070720 seconds 
========================================================================
Received Import Request.
  Time since last request: 0.000038 seconds.
  path: Assets/Prefab/School_props/chair.fbx
  artifactKey: Guid(d7345a77f785f4041aa505b0645df651) Importer(815301076,1909f56bfc062723c751e8b465ee728b)
Start importing Assets/Prefab/School_props/chair.fbx using Guid(d7345a77f785f4041aa505b0645df651) Importer(815301076,1909f56bfc062723c751e8b465ee728b)  -> (artifact id: '9e8fa840ccfeb48ab900d5dc2437e754') in 0.066552 seconds 
========================================================================
Received Import Request.
  Time since last request: 0.000022 seconds.
  path: Assets/Prefab/School_props/computer2.fbx
  artifactKey: Guid(fade7d8b155c9e347935a5505346523d) Importer(815301076,1909f56bfc062723c751e8b465ee728b)
Start importing Assets/Prefab/School_props/computer2.fbx using Guid(fade7d8b155c9e347935a5505346523d) Importer(815301076,1909f56bfc062723c751e8b465ee728b)  -> (artifact id: '49400242fff1e68250b0f93e04ff8fb3') in 0.068761 seconds 
========================================================================
Received Import Request.
  Time since last request: 0.000043 seconds.
  path: Assets/Prefab/School_props/locker_3.fbx
  artifactKey: Guid(2ef5cccbf9af996448903a637411876a) Importer(815301076,1909f56bfc062723c751e8b465ee728b)
Start importing Assets/Prefab/School_props/locker_3.fbx using Guid(2ef5cccbf9af996448903a637411876a) Importer(815301076,1909f56bfc062723c751e8b465ee728b)  -> (artifact id: '3dfe21c3cc59c7419b7cc85187d9e5c7') in 0.063562 seconds 
========================================================================
Received Import Request.
  Time since last request: 0.000021 seconds.
  path: Assets/Prefab/School_props/book7.fbx
  artifactKey: Guid(c33f36ac04fd4ef4eb1421d50ecb1d83) Importer(815301076,1909f56bfc062723c751e8b465ee728b)
Start importing Assets/Prefab/School_props/book7.fbx using Guid(c33f36ac04fd4ef4eb1421d50ecb1d83) Importer(815301076,1909f56bfc062723c751e8b465ee728b)  -> (artifact id: '9b2566a731a2889ab12cabbfbde22155') in 0.046114 seconds 
========================================================================
Received Import Request.
  Time since last request: 0.000046 seconds.
  path: Assets/Prefab/School_props/book14.fbx
  artifactKey: Guid(07f0850d4174989458ab5186394dec12) Importer(815301076,1909f56bfc062723c751e8b465ee728b)
Start importing Assets/Prefab/School_props/book14.fbx using Guid(07f0850d4174989458ab5186394dec12) Importer(815301076,1909f56bfc062723c751e8b465ee728b)  -> (artifact id: '6c16a446f14ced1beeec4650e993ec83') in 0.063967 seconds 
========================================================================
Received Import Request.
  Time since last request: 0.000076 seconds.
  path: Assets/Prefab/School_props/locker_4.fbx
  artifactKey: Guid(40ec2e2d4a4457448aef97450f4f9113) Importer(815301076,1909f56bfc062723c751e8b465ee728b)
Start importing Assets/Prefab/School_props/locker_4.fbx using Guid(40ec2e2d4a4457448aef97450f4f9113) Importer(815301076,1909f56bfc062723c751e8b465ee728b)  -> (artifact id: '73ed8567d3d739c4908b80d92596130a') in 0.058620 seconds 
========================================================================
Received Import Request.
  Time since last request: 0.000041 seconds.
  path: Assets/Prefab/School_props/book11.fbx
  artifactKey: Guid(469050c7eb8ed64428b8fb7604b109fb) Importer(815301076,1909f56bfc062723c751e8b465ee728b)
Start importing Assets/Prefab/School_props/book11.fbx using Guid(469050c7eb8ed64428b8fb7604b109fb) Importer(815301076,1909f56bfc062723c751e8b465ee728b)  -> (artifact id: 'd8c5b7cd2b2796f9c39655fa87371bf3') in 0.046226 seconds 
========================================================================
Received Import Request.
  Time since last request: 0.000024 seconds.
  path: Assets/Prefab/School_props/book5.fbx
  artifactKey: Guid(20a2100985022e94da9960c7ad02d896) Importer(815301076,1909f56bfc062723c751e8b465ee728b)
Start importing Assets/Prefab/School_props/book5.fbx using Guid(20a2100985022e94da9960c7ad02d896) Importer(815301076,1909f56bfc062723c751e8b465ee728b)  -> (artifact id: 'fc26bdbfd15230aadd5adebbe1db7af5') in 0.044089 seconds 
========================================================================
Received Import Request.
  Time since last request: 0.000092 seconds.
  path: Assets/Prefab/School_props/book3.fbx
  artifactKey: Guid(2d9b54e7ef3d1a94eb9be4f4dd931319) Importer(815301076,1909f56bfc062723c751e8b465ee728b)
Start importing Assets/Prefab/School_props/book3.fbx using Guid(2d9b54e7ef3d1a94eb9be4f4dd931319) Importer(815301076,1909f56bfc062723c751e8b465ee728b)  -> (artifact id: '3e31a302f4e862308df6ff96af236abe') in 0.057449 seconds 
========================================================================
Received Import Request.
  Time since last request: 0.000033 seconds.
  path: Assets/Prefab/School_props/board.fbx
  artifactKey: Guid(5613243e699c34046bcf679855532f68) Importer(815301076,1909f56bfc062723c751e8b465ee728b)
Start importing Assets/Prefab/School_props/board.fbx using Guid(5613243e699c34046bcf679855532f68) Importer(815301076,1909f56bfc062723c751e8b465ee728b)  -> (artifact id: 'cd461076af99a29be66871d753653df0') in 0.059236 seconds 
========================================================================
Received Import Request.
  Time since last request: 0.000019 seconds.
  path: Assets/Prefab/School_props/book9.fbx
  artifactKey: Guid(6955ffbde79fdc946ba53b35794d8eb8) Importer(815301076,1909f56bfc062723c751e8b465ee728b)
Start importing Assets/Prefab/School_props/book9.fbx using Guid(6955ffbde79fdc946ba53b35794d8eb8) Importer(815301076,1909f56bfc062723c751e8b465ee728b)  -> (artifact id: '5687f33ff230728e419f6edd6299fa40') in 0.063989 seconds 
========================================================================
Received Import Request.
  Time since last request: 0.006358 seconds.
  path: Assets/Prefab/School_props/book4.fbx
  artifactKey: Guid(4578924f6ad96474fa87f670025340b6) Importer(815301076,1909f56bfc062723c751e8b465ee728b)
Start importing Assets/Prefab/School_props/book4.fbx using Guid(4578924f6ad96474fa87f670025340b6) Importer(815301076,1909f56bfc062723c751e8b465ee728b)  -> (artifact id: '4e7cfc73e83c80a6b512b7ecb4932269') in 0.040615 seconds 
========================================================================
Received Import Request.
  Time since last request: 0.000024 seconds.
  path: Assets/Prefab/School_props/fire.fbx
  artifactKey: Guid(400505d5a5ae5cc47bc16dc4307f2c04) Importer(815301076,1909f56bfc062723c751e8b465ee728b)
Start importing Assets/Prefab/School_props/fire.fbx using Guid(400505d5a5ae5cc47bc16dc4307f2c04) Importer(815301076,1909f56bfc062723c751e8b465ee728b)  -> (artifact id: 'fd6a492d779ceff7da986f7c93052592') in 0.065764 seconds 
========================================================================
Received Import Request.
  Time since last request: 2.389825 seconds.
  path: Assets/Prefab/School_props/sheet1.fbx
  artifactKey: Guid(23b1d8473c4b7404ea0dd7c937deb666) Importer(815301076,1909f56bfc062723c751e8b465ee728b)
Start importing Assets/Prefab/School_props/sheet1.fbx using Guid(23b1d8473c4b7404ea0dd7c937deb666) Importer(815301076,1909f56bfc062723c751e8b465ee728b)  -> (artifact id: '8d5fea85822b8d7f5cfde74fcbdf25a4') in 0.062832 seconds 
========================================================================
Received Import Request.
  Time since last request: 0.000059 seconds.
  path: Assets/Prefab/School_props/sheet3.fbx
  artifactKey: Guid(f9193b59ff4960f49b88d5a868e743f4) Importer(815301076,1909f56bfc062723c751e8b465ee728b)
Start importing Assets/Prefab/School_props/sheet3.fbx using Guid(f9193b59ff4960f49b88d5a868e743f4) Importer(815301076,1909f56bfc062723c751e8b465ee728b)  -> (artifact id: 'a4dcd688ccd64fc39d6d673ddfe82ad9') in 0.061566 seconds 
========================================================================
Received Import Request.
  Time since last request: 0.000033 seconds.
  path: Assets/Prefab/School_props/sheet2.fbx
  artifactKey: Guid(481b15e92ed6941478e39061d9935711) Importer(815301076,1909f56bfc062723c751e8b465ee728b)
Start importing Assets/Prefab/School_props/sheet2.fbx using Guid(481b15e92ed6941478e39061d9935711) Importer(815301076,1909f56bfc062723c751e8b465ee728b)  -> (artifact id: 'a4dd5c0c557ef6c768e787208610e2a8') in 0.064649 seconds 
========================================================================
Received Import Request.
  Time since last request: 0.000040 seconds.
  path: Assets/Prefab/School_props/wall4 (1).fbx
  artifactKey: Guid(e2c12cc399276f34997617080b02d780) Importer(815301076,1909f56bfc062723c751e8b465ee728b)
Start importing Assets/Prefab/School_props/wall4 (1).fbx using Guid(e2c12cc399276f34997617080b02d780) Importer(815301076,1909f56bfc062723c751e8b465ee728b)  -> (artifact id: 'f5486b404b4dbc248ad8be2ca1be82b3') in 0.061371 seconds 
========================================================================
Received Import Request.
  Time since last request: 0.000025 seconds.
  path: Assets/Prefab/School_props/table2.fbx
  artifactKey: Guid(428d9da19f0db6d42a12afe656585894) Importer(815301076,1909f56bfc062723c751e8b465ee728b)
Start importing Assets/Prefab/School_props/table2.fbx using Guid(428d9da19f0db6d42a12afe656585894) Importer(815301076,1909f56bfc062723c751e8b465ee728b)  -> (artifact id: 'fd34a722165781fcbc8684a78ac8c509') in 0.057923 seconds 
========================================================================
Received Import Request.
  Time since last request: 0.000026 seconds.
  path: Assets/Prefab/School_props/wall4 (2).fbx
  artifactKey: Guid(cc3095fd348d76b4f9cdcaabdaacdf6d) Importer(815301076,1909f56bfc062723c751e8b465ee728b)
Start importing Assets/Prefab/School_props/wall4 (2).fbx using Guid(cc3095fd348d76b4f9cdcaabdaacdf6d) Importer(815301076,1909f56bfc062723c751e8b465ee728b)  -> (artifact id: 'd109cb805d6e4d9d0a70bfdb410cac1c') in 0.042699 seconds 
========================================================================
Received Import Request.
  Time since last request: 0.000035 seconds.
  path: Assets/Prefab/School_props/tray.fbx
  artifactKey: Guid(cc76c0b780396284a8d4e9fe8d4e7482) Importer(815301076,1909f56bfc062723c751e8b465ee728b)
Start importing Assets/Prefab/School_props/tray.fbx using Guid(cc76c0b780396284a8d4e9fe8d4e7482) Importer(815301076,1909f56bfc062723c751e8b465ee728b)  -> (artifact id: 'd5968b88c9ce8f1495e832b3113b4710') in 0.063451 seconds 
========================================================================
Received Import Request.
  Time since last request: 0.000041 seconds.
  path: Assets/Prefab/School_props/wall001.fbx
  artifactKey: Guid(674bca1160f50d546aaac5b261a08000) Importer(815301076,1909f56bfc062723c751e8b465ee728b)
Start importing Assets/Prefab/School_props/wall001.fbx using Guid(674bca1160f50d546aaac5b261a08000) Importer(815301076,1909f56bfc062723c751e8b465ee728b)  -> (artifact id: '1890c8eea7344d2198a042a99ab21db5') in 0.084096 seconds 
Editor requested this worker to shutdown with reason: Scaling down because of idle timeout
AssetImportWorker is now disconnected from the server
Process exiting
Exiting without the bug reporter. Application will terminate with return code 0