Using pre-set license
Built from '2021.3/staging' branch; Version is '2021.3.25f1 (68ef2c4f8861) revision 6876972'; Using compiler version '192829333'; Build Type 'Release'
OS: 'Windows 11  (10.0.22621) 64bit Core' Language: 'en' Physical Memory: 7953 MB
BatchMode: 1, IsHumanControllingUs: 0, StartBugReporterOnCrash: 0, Is64bit: 1, IsPro: 1

COMMAND LINE ARGUMENTS:
C:\Program Files\Unity\Hub\Editor\2021.3.25f1-x86_64\Editor\Unity.exe
-adb2
-batchMode
-noUpm
-name
AssetImportWorker0
-projectPath
C:/Users/14423/OneDrive/Desktop/Unity/PeerPressure
-logFile
Logs/AssetImportWorker0.log
-srvPort
60619
Successfully changed project path to: C:/Users/14423/OneDrive/Desktop/Unity/PeerPressure
C:/Users/14423/OneDrive/Desktop/Unity/PeerPressure
[UnityMemory] Configuration Parameters - Can be set up in boot.config
    "memorysetup-bucket-allocator-granularity=16"
    "memorysetup-bucket-allocator-bucket-count=8"
    "memorysetup-bucket-allocator-block-size=33554432"
    "memorysetup-bucket-allocator-block-count=8"
    "memorysetup-main-allocator-block-size=16777216"
    "memorysetup-thread-allocator-block-size=16777216"
    "memorysetup-gfx-main-allocator-block-size=16777216"
    "memorysetup-gfx-thread-allocator-block-size=16777216"
    "memorysetup-cache-allocator-block-size=4194304"
    "memorysetup-typetree-allocator-block-size=2097152"
    "memorysetup-profiler-bucket-allocator-granularity=16"
    "memorysetup-profiler-bucket-allocator-bucket-count=8"
    "memorysetup-profiler-bucket-allocator-block-size=33554432"
    "memorysetup-profiler-bucket-allocator-block-count=8"
    "memorysetup-profiler-allocator-block-size=16777216"
    "memorysetup-profiler-editor-allocator-block-size=1048576"
    "memorysetup-temp-allocator-size-main=16777216"
    "memorysetup-job-temp-allocator-block-size=2097152"
    "memorysetup-job-temp-allocator-block-size-background=1048576"
    "memorysetup-job-temp-allocator-reduction-small-platforms=262144"
    "memorysetup-temp-allocator-size-background-worker=32768"
    "memorysetup-temp-allocator-size-job-worker=262144"
    "memorysetup-temp-allocator-size-preload-manager=33554432"
    "memorysetup-temp-allocator-size-nav-mesh-worker=65536"
    "memorysetup-temp-allocator-size-audio-worker=65536"
    "memorysetup-temp-allocator-size-cloud-worker=32768"
    "memorysetup-temp-allocator-size-gi-baking-worker=262144"
    "memorysetup-temp-allocator-size-gfx=262144"
Player connection [11864] Host "[IP] 192.168.0.219 [Port] 0 [Flags] 2 [Guid] 1121826770 [EditorId] 1121826770 [Version] 1048832 [Id] WindowsEditor(7,HuyDSon) [Debug] 1 [PackageName] WindowsEditor [ProjectName] Editor" joined multi-casting on [225.0.0.222:54997]...

Player connection [11864] Host "[IP] 192.168.0.219 [Port] 0 [Flags] 2 [Guid] 1121826770 [EditorId] 1121826770 [Version] 1048832 [Id] WindowsEditor(7,HuyDSon) [Debug] 1 [PackageName] WindowsEditor [ProjectName] Editor" joined alternative multi-casting on [225.0.0.222:34997]...

Refreshing native plugins compatible for Editor in 94.97 ms, found 3 plugins.
Preloading 0 native plugins for Editor in 0.00 ms.
Initialize engine version: 2021.3.25f1 (68ef2c4f8861)
[Subsystems] Discovering subsystems at path C:/Program Files/Unity/Hub/Editor/2021.3.25f1-x86_64/Editor/Data/Resources/UnitySubsystems
[Subsystems] Discovering subsystems at path C:/Users/14423/OneDrive/Desktop/Unity/PeerPressure/Assets
GfxDevice: creating device client; threaded=0; jobified=0
Direct3D:
    Version:  Direct3D 11.0 [level 11.1]
    Renderer: Intel(R) Iris(R) Xe Graphics (ID=0x9a49)
    Vendor:   Intel
    VRAM:     3976 MB
    Driver:   30.0.101.1191
Initialize mono
Mono path[0] = 'C:/Program Files/Unity/Hub/Editor/2021.3.25f1-x86_64/Editor/Data/Managed'
Mono path[1] = 'C:/Program Files/Unity/Hub/Editor/2021.3.25f1-x86_64/Editor/Data/MonoBleedingEdge/lib/mono/unityjit-win32'
Mono config path = 'C:/Program Files/Unity/Hub/Editor/2021.3.25f1-x86_64/Editor/Data/MonoBleedingEdge/etc'
Using monoOptions --debugger-agent=transport=dt_socket,embedding=1,server=y,suspend=n,address=127.0.0.1:56456
Begin MonoManager ReloadAssembly
Registering precompiled unity dll's ...
Register platform support module: C:/Program Files/Unity/Hub/Editor/2021.3.25f1-x86_64/Editor/Data/PlaybackEngines/WindowsStandaloneSupport/UnityEditor.WindowsStandalone.Extensions.dll
Registered in 0.007893 seconds.
Native extension for WindowsStandalone target not found
Refreshing native plugins compatible for Editor in 68.55 ms, found 3 plugins.
Preloading 0 native plugins for Editor in 0.00 ms.
Mono: successfully reloaded assembly
- Completed reload, in  0.668 seconds
Domain Reload Profiling:
	ReloadAssembly (669ms)
		BeginReloadAssembly (93ms)
			ExecutionOrderSort (0ms)
			DisableScriptedObjects (0ms)
			BackupInstance (0ms)
			ReleaseScriptingObjects (0ms)
			CreateAndSetChildDomain (1ms)
		EndReloadAssembly (467ms)
			LoadAssemblies (90ms)
			RebuildTransferFunctionScriptingTraits (0ms)
			SetupTypeCache (112ms)
			ReleaseScriptCaches (0ms)
			RebuildScriptCaches (33ms)
			SetupLoadedEditorAssemblies (269ms)
				LogAssemblyErrors (0ms)
				InitializePlatformSupportModulesInManaged (7ms)
				SetLoadedEditorAssemblies (0ms)
				RefreshPlugins (69ms)
				BeforeProcessingInitializeOnLoad (1ms)
				ProcessInitializeOnLoadAttributes (143ms)
				ProcessInitializeOnLoadMethodAttributes (49ms)
				AfterProcessingInitializeOnLoad (0ms)
				EditorAssembliesLoaded (0ms)
			ExecutionOrderSort2 (0ms)
			AwakeInstancesAfterBackupRestoration (0ms)
Platform modules already initialized, skipping
Registering precompiled user dll's ...
Registered in 0.008169 seconds.
Begin MonoManager ReloadAssembly
Symbol file LoadedFromMemory doesn't match image C:\Users\14423\OneDrive\Desktop\Unity\PeerPressure\Library\PackageCache\com.unity.visualscripting@1.8.0\Editor\VisualScripting.Core\Dependencies\YamlDotNet\Unity.VisualScripting.YamlDotNet.dll
Symbol file LoadedFromMemory doesn't match image C:\Users\14423\OneDrive\Desktop\Unity\PeerPressure\Library\PackageCache\com.unity.visualscripting@1.8.0\Editor\VisualScripting.Core\Dependencies\DotNetZip\Unity.VisualScripting.IonicZip.dll
Native extension for WindowsStandalone target not found
Refreshing native plugins compatible for Editor in 0.93 ms, found 3 plugins.
Preloading 0 native plugins for Editor in 0.00 ms.
Mono: successfully reloaded assembly
- Completed reload, in  1.185 seconds
Domain Reload Profiling:
	ReloadAssembly (1185ms)
		BeginReloadAssembly (135ms)
			ExecutionOrderSort (0ms)
			DisableScriptedObjects (5ms)
			BackupInstance (0ms)
			ReleaseScriptingObjects (0ms)
			CreateAndSetChildDomain (18ms)
		EndReloadAssembly (925ms)
			LoadAssemblies (146ms)
			RebuildTransferFunctionScriptingTraits (0ms)
			SetupTypeCache (294ms)
			ReleaseScriptCaches (0ms)
			RebuildScriptCaches (64ms)
			SetupLoadedEditorAssemblies (410ms)
				LogAssemblyErrors (0ms)
				InitializePlatformSupportModulesInManaged (6ms)
				SetLoadedEditorAssemblies (1ms)
				RefreshPlugins (1ms)
				BeforeProcessingInitializeOnLoad (101ms)
				ProcessInitializeOnLoadAttributes (263ms)
				ProcessInitializeOnLoadMethodAttributes (29ms)
				AfterProcessingInitializeOnLoad (9ms)
				EditorAssembliesLoaded (0ms)
			ExecutionOrderSort2 (0ms)
			AwakeInstancesAfterBackupRestoration (8ms)
Platform modules already initialized, skipping
========================================================================
Worker process is ready to serve import requests
Launched and connected shader compiler UnityShaderCompiler.exe after 0.05 seconds
Refreshing native plugins compatible for Editor in 0.73 ms, found 3 plugins.
Preloading 0 native plugins for Editor in 0.00 ms.
Unloading 3211 Unused Serialized files (Serialized files now loaded: 0)
Unloading 37 unused Assets / (184.1 KB). Loaded Objects now: 3670.
Memory consumption went from 113.6 MB to 113.4 MB.
Total: 3.611100 ms (FindLiveObjects: 0.278400 ms CreateObjectMapping: 0.205700 ms MarkObjects: 2.991700 ms  DeleteObjects: 0.134100 ms)

AssetImportParameters requested are different than current active one (requested -> active):
  custom:video-decoder-ogg-theora: a1e56fd34408186e4bbccfd4996cb3dc -> 
  custom:container-muxer-webm: aa71ff27fc2769a1b78a27578f13a17b -> 
  custom:container-demuxer-webm: 4f35f7cbe854078d1ac9338744f61a02 -> 
  custom:video-encoder-webm-vp8: eb34c28f22e8b96e1ab97ce403110664 -> 
  custom:video-codec-MediaFoundation-h265: 746d11721c4dcdbdad8f713fa42b33f4 -> 
  custom:audio-encoder-webm-vorbis: bf7c407c2cedff20999df2af8eb42d56 -> 
  custom:framework-win-MediaFoundation: 216162199b28c13a410421893ffa2e32 -> 
  custom:container-demuxer-ogg: 62fdf1f143b41e24485cea50d1cbac27 -> 
  custom:video-decoder-webm-vp8: 9c59270c3fd7afecdb556c50c9e8de78 -> 
  custom:audio-decoder-ogg-vorbis: bf7c407c2cedff20999df2af8eb42d56 -> 
========================================================================
Received Import Request.
  Time since last request: 517016.265187 seconds.
  path: Assets/Material/Ceiling_of_Cafe.mat
  artifactKey: Guid(5f42a6363577aa5468ba089151b2752e) Importer(815301076,1909f56bfc062723c751e8b465ee728b)
Start importing Assets/Material/Ceiling_of_Cafe.mat using Guid(5f42a6363577aa5468ba089151b2752e) Importer(815301076,1909f56bfc062723c751e8b465ee728b)  -> (artifact id: '30d9c60f76dcd6b32f020b71ef8b6b55') in 0.440373 seconds 
========================================================================
Received Import Request.
  Time since last request: 0.000028 seconds.
  path: Assets/Prefab/School_props/locker_2.fbx
  artifactKey: Guid(4961a98492915344fad8693ff35cc1e8) Importer(815301076,1909f56bfc062723c751e8b465ee728b)
Start importing Assets/Prefab/School_props/locker_2.fbx using Guid(4961a98492915344fad8693ff35cc1e8) Importer(815301076,1909f56bfc062723c751e8b465ee728b)  -> (artifact id: 'd2296e79d14103c53caaf43ead0528c5') in 0.391845 seconds 
========================================================================
Received Import Request.
  Time since last request: 0.000040 seconds.
  path: Assets/Material/streetbench2.mat
  artifactKey: Guid(fc5c1f0c11d8e6540b225ea1e8694aa1) Importer(815301076,1909f56bfc062723c751e8b465ee728b)
Start importing Assets/Material/streetbench2.mat using Guid(fc5c1f0c11d8e6540b225ea1e8694aa1) Importer(815301076,1909f56bfc062723c751e8b465ee728b)  -> (artifact id: '4ee034e5e5d26460fa1306c769f36c76') in 0.244341 seconds 
========================================================================
Received Import Request.
  Time since last request: 0.000040 seconds.
  path: Assets/Prefab/School_props/a door.fbx
  artifactKey: Guid(a1b64279c34bd0a49abf18b790a099b4) Importer(815301076,1909f56bfc062723c751e8b465ee728b)
Start importing Assets/Prefab/School_props/a door.fbx using Guid(a1b64279c34bd0a49abf18b790a099b4) Importer(815301076,1909f56bfc062723c751e8b465ee728b)  -> (artifact id: 'bfd9fda484326a0f45ca6b9b46e52d2a') in 0.132406 seconds 
========================================================================
Received Import Request.
  Time since last request: 0.000037 seconds.
  path: Assets/Prefab/School_props/locker_3.fbx
  artifactKey: Guid(2ef5cccbf9af996448903a637411876a) Importer(815301076,1909f56bfc062723c751e8b465ee728b)
Start importing Assets/Prefab/School_props/locker_3.fbx using Guid(2ef5cccbf9af996448903a637411876a) Importer(815301076,1909f56bfc062723c751e8b465ee728b)  -> (artifact id: '06d1cdacf1dadc46ab5dfa670338b97d') in 0.063479 seconds 
========================================================================
Received Import Request.
  Time since last request: 0.000033 seconds.
  path: Assets/Material/Light_on.mat
  artifactKey: Guid(7cb70075812e0df47b87820f96b37bc7) Importer(815301076,1909f56bfc062723c751e8b465ee728b)
Start importing Assets/Material/Light_on.mat using Guid(7cb70075812e0df47b87820f96b37bc7) Importer(815301076,1909f56bfc062723c751e8b465ee728b)  -> (artifact id: '8ab25dec65bc11b285c0de706427438d') in 0.052103 seconds 
========================================================================
Received Import Request.
  Time since last request: 0.000058 seconds.
  path: Assets/Material/streetbanch1.mat
  artifactKey: Guid(006979490885a6a4a85c68dfadd0ad16) Importer(815301076,1909f56bfc062723c751e8b465ee728b)
Start importing Assets/Material/streetbanch1.mat using Guid(006979490885a6a4a85c68dfadd0ad16) Importer(815301076,1909f56bfc062723c751e8b465ee728b)  -> (artifact id: 'c6de06293ba46b246c6526efa9da2f0a') in 0.075075 seconds 
========================================================================
Received Import Request.
  Time since last request: 0.000033 seconds.
  path: Assets/Material/Vol_30_3_Roofs.mat
  artifactKey: Guid(78f6c3f1d47eef84f9ee5e607fad4c0c) Importer(815301076,1909f56bfc062723c751e8b465ee728b)
Start importing Assets/Material/Vol_30_3_Roofs.mat using Guid(78f6c3f1d47eef84f9ee5e607fad4c0c) Importer(815301076,1909f56bfc062723c751e8b465ee728b)  -> (artifact id: '665641049f901096e8402e77b1f45f86') in 0.331705 seconds 
========================================================================
Received Import Request.
  Time since last request: 0.000084 seconds.
  path: Assets/Prefab/School_props/book15.fbx
  artifactKey: Guid(684a936c3957cd24f9bdc028cf0fff01) Importer(815301076,1909f56bfc062723c751e8b465ee728b)
Start importing Assets/Prefab/School_props/book15.fbx using Guid(684a936c3957cd24f9bdc028cf0fff01) Importer(815301076,1909f56bfc062723c751e8b465ee728b)  -> (artifact id: '7538454141f6fc41b7db305961c006b3') in 0.053424 seconds 
========================================================================
Received Import Request.
  Time since last request: 0.000036 seconds.
  path: Assets/Material/streetbanch1-Material__AO.tga.001.mat
  artifactKey: Guid(6fa73fc84f0c6c44abe5d5b3869df32a) Importer(815301076,1909f56bfc062723c751e8b465ee728b)
Start importing Assets/Material/streetbanch1-Material__AO.tga.001.mat using Guid(6fa73fc84f0c6c44abe5d5b3869df32a) Importer(815301076,1909f56bfc062723c751e8b465ee728b)  -> (artifact id: '5e89e22e8771666f082b4190f82c90da') in 0.044356 seconds 
========================================================================
Received Import Request.
  Time since last request: 0.000028 seconds.
  path: Assets/Prefab/School_props/book10.fbx
  artifactKey: Guid(6daefe72622a81549b8b756cb5f167cd) Importer(815301076,1909f56bfc062723c751e8b465ee728b)
Start importing Assets/Prefab/School_props/book10.fbx using Guid(6daefe72622a81549b8b756cb5f167cd) Importer(815301076,1909f56bfc062723c751e8b465ee728b)  -> (artifact id: '9a310583d69a3d7e44aaf428989a4952') in 0.064247 seconds 
========================================================================
Received Import Request.
  Time since last request: 0.000033 seconds.
  path: Assets/Prefab/School_props/jalousie.fbx
  artifactKey: Guid(f8efd7bda192d6d4c9936256eff57e9e) Importer(815301076,1909f56bfc062723c751e8b465ee728b)
Start importing Assets/Prefab/School_props/jalousie.fbx using Guid(f8efd7bda192d6d4c9936256eff57e9e) Importer(815301076,1909f56bfc062723c751e8b465ee728b)  -> (artifact id: 'cc97d979342cae8e2aa07df1aad8620c') in 0.054993 seconds 
========================================================================
Received Import Request.
  Time since last request: 0.000035 seconds.
  path: Assets/Material/Vol_23_1_Rocks.mat
  artifactKey: Guid(43ca10b6d3421d546832de715a9d893f) Importer(815301076,1909f56bfc062723c751e8b465ee728b)
Start importing Assets/Material/Vol_23_1_Rocks.mat using Guid(43ca10b6d3421d546832de715a9d893f) Importer(815301076,1909f56bfc062723c751e8b465ee728b)  -> (artifact id: 'c1c461e68005eb88a0a76fadb67fa2fb') in 0.252387 seconds 
========================================================================
Received Import Request.
  Time since last request: 0.000049 seconds.
  path: Assets/Prefab/School_props/computer.fbx
  artifactKey: Guid(19da5e77d15e6b246ae6557f5f4c3cbe) Importer(815301076,1909f56bfc062723c751e8b465ee728b)
Start importing Assets/Prefab/School_props/computer.fbx using Guid(19da5e77d15e6b246ae6557f5f4c3cbe) Importer(815301076,1909f56bfc062723c751e8b465ee728b)  -> (artifact id: 'cbed358065de70ca3179957c68215e87') in 0.061218 seconds 
========================================================================
Received Import Request.
  Time since last request: 0.000113 seconds.
  path: Assets/Prefab/School_props/book8.fbx
  artifactKey: Guid(c84426d852eade14f99559ca019e22ce) Importer(815301076,1909f56bfc062723c751e8b465ee728b)
Start importing Assets/Prefab/School_props/book8.fbx using Guid(c84426d852eade14f99559ca019e22ce) Importer(815301076,1909f56bfc062723c751e8b465ee728b)  -> (artifact id: '79eba309ebf67b98bff3787e6d67700b') in 0.088119 seconds 
========================================================================
Received Import Request.
  Time since last request: 0.000047 seconds.
  path: Assets/Prefab/School_props/book6.fbx
  artifactKey: Guid(9ba47c7a82616534bbe4f5bc55bfee77) Importer(815301076,1909f56bfc062723c751e8b465ee728b)
Start importing Assets/Prefab/School_props/book6.fbx using Guid(9ba47c7a82616534bbe4f5bc55bfee77) Importer(815301076,1909f56bfc062723c751e8b465ee728b)  -> (artifact id: 'a18934e48e466ab03c5b567e55f9ac4d') in 0.077800 seconds 
========================================================================
Received Import Request.
  Time since last request: 0.000037 seconds.
  path: Assets/Material/Vol_26_2_Cliffs.mat
  artifactKey: Guid(0c2d13c3615510e4a8debaef5c39c3de) Importer(815301076,1909f56bfc062723c751e8b465ee728b)
Start importing Assets/Material/Vol_26_2_Cliffs.mat using Guid(0c2d13c3615510e4a8debaef5c39c3de) Importer(815301076,1909f56bfc062723c751e8b465ee728b)  -> (artifact id: '96fa065e4007811e00fc71ef47374e25') in 0.144559 seconds 
========================================================================
Received Import Request.
  Time since last request: 0.000070 seconds.
  path: Assets/Material/Vol_46_2_Tiles.mat
  artifactKey: Guid(7f46efa3bb98bb44ea780a4a417b4f75) Importer(815301076,1909f56bfc062723c751e8b465ee728b)
Start importing Assets/Material/Vol_46_2_Tiles.mat using Guid(7f46efa3bb98bb44ea780a4a417b4f75) Importer(815301076,1909f56bfc062723c751e8b465ee728b)  -> (artifact id: '4af13d84395d8659824d6fe1a898e804') in 0.132770 seconds 
========================================================================
Received Import Request.
  Time since last request: 0.000029 seconds.
  path: Assets/Prefab/School_props/book12.fbx
  artifactKey: Guid(d26fd69ae663eb24a85bb3506b3e3b91) Importer(815301076,1909f56bfc062723c751e8b465ee728b)
Start importing Assets/Prefab/School_props/book12.fbx using Guid(d26fd69ae663eb24a85bb3506b3e3b91) Importer(815301076,1909f56bfc062723c751e8b465ee728b)  -> (artifact id: 'd316e7ccfa4a881230e0a3eb093c24d2') in 0.072043 seconds 
========================================================================
Received Import Request.
  Time since last request: 0.000030 seconds.
  path: Assets/Material/Vol_2_3_Wood 2.mat
  artifactKey: Guid(49607b444be39f74f87e8fd6fb105586) Importer(815301076,1909f56bfc062723c751e8b465ee728b)
Start importing Assets/Material/Vol_2_3_Wood 2.mat using Guid(49607b444be39f74f87e8fd6fb105586) Importer(815301076,1909f56bfc062723c751e8b465ee728b)  -> (artifact id: '74bcbbca1ca7f7302d35b7f0883ae3f4') in 0.112707 seconds 
========================================================================
Received Import Request.
  Time since last request: 0.000046 seconds.
  path: Assets/Material/New Material 2.mat
  artifactKey: Guid(fefef0ea48f56f347bcbf6f3f87566e2) Importer(815301076,1909f56bfc062723c751e8b465ee728b)
Start importing Assets/Material/New Material 2.mat using Guid(fefef0ea48f56f347bcbf6f3f87566e2) Importer(815301076,1909f56bfc062723c751e8b465ee728b)  -> (artifact id: '525e7121c8e01d313ddb962cd72f4b93') in 0.043796 seconds 
========================================================================
Received Import Request.
  Time since last request: 0.000031 seconds.
  path: Assets/Prefab/streetbench2.fbx
  artifactKey: Guid(50d31de7174e1994fae4a37dc92c9815) Importer(815301076,1909f56bfc062723c751e8b465ee728b)
Start importing Assets/Prefab/streetbench2.fbx using Guid(50d31de7174e1994fae4a37dc92c9815) Importer(815301076,1909f56bfc062723c751e8b465ee728b)  -> (artifact id: 'bcb3f10f5525a4cf14483f924e18422c') in 0.056679 seconds 
========================================================================
Received Import Request.
  Time since last request: 0.000029 seconds.
  path: Assets/Material/Big_Window_Flame.mat
  artifactKey: Guid(389b0a0b3607e9f4aa11aee3ca7e815b) Importer(815301076,1909f56bfc062723c751e8b465ee728b)
Start importing Assets/Material/Big_Window_Flame.mat using Guid(389b0a0b3607e9f4aa11aee3ca7e815b) Importer(815301076,1909f56bfc062723c751e8b465ee728b)  -> (artifact id: 'fb06498bea3347a58bd8ad1e1d7dfa83') in 0.045545 seconds 
========================================================================
Received Import Request.
  Time since last request: 0.000034 seconds.
  path: Assets/Material/Stylize Wood  Diffuse.mat
  artifactKey: Guid(4c577c226c9a1694c87afcaa1fe637d8) Importer(815301076,1909f56bfc062723c751e8b465ee728b)
Start importing Assets/Material/Stylize Wood  Diffuse.mat using Guid(4c577c226c9a1694c87afcaa1fe637d8) Importer(815301076,1909f56bfc062723c751e8b465ee728b)  -> (artifact id: 'e4e6b0be461dbb4d2bf7bf7045fd6004') in 0.164001 seconds 
========================================================================
Received Import Request.
  Time since last request: 0.000029 seconds.
  path: Assets/Material/Beach_Sand_1.mat
  artifactKey: Guid(fb83b073c61d7904b9585e01eb88a122) Importer(815301076,1909f56bfc062723c751e8b465ee728b)
Start importing Assets/Material/Beach_Sand_1.mat using Guid(fb83b073c61d7904b9585e01eb88a122) Importer(815301076,1909f56bfc062723c751e8b465ee728b)  -> (artifact id: '6c34571e05c6b99f90ecfa5b54fc5003') in 0.358642 seconds 
========================================================================
Received Import Request.
  Time since last request: 0.000063 seconds.
  path: Assets/Material/Vol_34_2_Tiles 1.mat
  artifactKey: Guid(ebabfdf81fc72414f9921cfe2ed4b652) Importer(815301076,1909f56bfc062723c751e8b465ee728b)
Start importing Assets/Material/Vol_34_2_Tiles 1.mat using Guid(ebabfdf81fc72414f9921cfe2ed4b652) Importer(815301076,1909f56bfc062723c751e8b465ee728b)  -> (artifact id: '193a54c62bfc8c1245bb6e7820567600') in 0.143512 seconds 
========================================================================
Received Import Request.
  Time since last request: 0.000039 seconds.
  path: Assets/Material/Vol_2_3_Wood 1.mat
  artifactKey: Guid(ac0f37951feb20f40bcc38643c1532d6) Importer(815301076,1909f56bfc062723c751e8b465ee728b)
Start importing Assets/Material/Vol_2_3_Wood 1.mat using Guid(ac0f37951feb20f40bcc38643c1532d6) Importer(815301076,1909f56bfc062723c751e8b465ee728b)  -> (artifact id: '14eb187ea26d4ea9c2940bc010fb9169') in 0.115920 seconds 
========================================================================
Received Import Request.
  Time since last request: 0.000053 seconds.
  path: Assets/Prefab/School_props/locker_5.fbx
  artifactKey: Guid(7b076f4bc078820418c69918ad1d12e8) Importer(815301076,1909f56bfc062723c751e8b465ee728b)
Start importing Assets/Prefab/School_props/locker_5.fbx using Guid(7b076f4bc078820418c69918ad1d12e8) Importer(815301076,1909f56bfc062723c751e8b465ee728b)  -> (artifact id: '606c498b87c30761f8b83b0d255d4617') in 0.074175 seconds 
========================================================================
Received Import Request.
  Time since last request: 0.000048 seconds.
  path: Assets/Material/Vol_34_2_Tiles.mat
  artifactKey: Guid(5d4fe6676ea4c114d9ec69ef4453471d) Importer(815301076,1909f56bfc062723c751e8b465ee728b)
Start importing Assets/Material/Vol_34_2_Tiles.mat using Guid(5d4fe6676ea4c114d9ec69ef4453471d) Importer(815301076,1909f56bfc062723c751e8b465ee728b)  -> (artifact id: '3731d75128839a2097ba26aed3ff9863') in 0.048347 seconds 
========================================================================
Received Import Request.
  Time since last request: 0.000037 seconds.
  path: Assets/Material/New Material 1.mat
  artifactKey: Guid(78a681737f6f5ec42bf40ba8651966ba) Importer(815301076,1909f56bfc062723c751e8b465ee728b)
Start importing Assets/Material/New Material 1.mat using Guid(78a681737f6f5ec42bf40ba8651966ba) Importer(815301076,1909f56bfc062723c751e8b465ee728b)  -> (artifact id: '4e9c1e2e2a35ff1c3140106f73fa5245') in 0.058873 seconds 
========================================================================
Received Import Request.
  Time since last request: 0.000086 seconds.
  path: Assets/Material/Vol_42_1_Vegetation.mat
  artifactKey: Guid(9c3435b7cf3210044b3a24266d8aebf1) Importer(815301076,1909f56bfc062723c751e8b465ee728b)
Start importing Assets/Material/Vol_42_1_Vegetation.mat using Guid(9c3435b7cf3210044b3a24266d8aebf1) Importer(815301076,1909f56bfc062723c751e8b465ee728b)  -> (artifact id: '98fe3aa8374a56035afd8df0c27130ce') in 0.117348 seconds 
========================================================================
Received Import Request.
  Time since last request: 0.000034 seconds.
  path: Assets/Prefab/School_props/book1.fbx
  artifactKey: Guid(2ba609b3cfa3a39409cd47125c0b8f23) Importer(815301076,1909f56bfc062723c751e8b465ee728b)
Start importing Assets/Prefab/School_props/book1.fbx using Guid(2ba609b3cfa3a39409cd47125c0b8f23) Importer(815301076,1909f56bfc062723c751e8b465ee728b)  -> (artifact id: '2c92064eacdfa755b017849a171b33b4') in 0.044325 seconds 
========================================================================
Received Import Request.
  Time since last request: 0.000050 seconds.
  path: Assets/Prefab/School_props/a door1.fbx
  artifactKey: Guid(e7aacb82296e75c41acea0abba4c8978) Importer(815301076,1909f56bfc062723c751e8b465ee728b)
Start importing Assets/Prefab/School_props/a door1.fbx using Guid(e7aacb82296e75c41acea0abba4c8978) Importer(815301076,1909f56bfc062723c751e8b465ee728b)  -> (artifact id: 'bea409e6dfc32e2eef91ea176befdde3') in 0.074598 seconds 
========================================================================
Received Import Request.
  Time since last request: 0.000024 seconds.
  path: Assets/Material/1 1.mat
  artifactKey: Guid(c7581640bf8313c4ca18026e0d6a4374) Importer(815301076,1909f56bfc062723c751e8b465ee728b)
Start importing Assets/Material/1 1.mat using Guid(c7581640bf8313c4ca18026e0d6a4374) Importer(815301076,1909f56bfc062723c751e8b465ee728b)  -> (artifact id: '5e0c96cd08943a06902d2cc0e23bc7a6') in 0.069335 seconds 
========================================================================
Received Import Request.
  Time since last request: 0.000023 seconds.
  path: Assets/Prefab/School_props/board.fbx
  artifactKey: Guid(5613243e699c34046bcf679855532f68) Importer(815301076,1909f56bfc062723c751e8b465ee728b)
Start importing Assets/Prefab/School_props/board.fbx using Guid(5613243e699c34046bcf679855532f68) Importer(815301076,1909f56bfc062723c751e8b465ee728b)  -> (artifact id: '245b1f83563fd601021a3a6322e9f7a9') in 0.072121 seconds 
========================================================================
Received Import Request.
  Time since last request: 0.000129 seconds.
  path: Assets/Prefab/School_props/road/doroga.fbx
  artifactKey: Guid(f8840c3f03e4a1d45b8c43d8e047bd1c) Importer(815301076,1909f56bfc062723c751e8b465ee728b)
Start importing Assets/Prefab/School_props/road/doroga.fbx using Guid(f8840c3f03e4a1d45b8c43d8e047bd1c) Importer(815301076,1909f56bfc062723c751e8b465ee728b)  -> (artifact id: '3fc6f2ccf19e587d0749b2202e100027') in 0.049568 seconds 
========================================================================
Received Import Request.
  Time since last request: 0.000052 seconds.
  path: Assets/Prefab/Ceiling_Light 1.prefab
  artifactKey: Guid(a8af73a3041de4546826213410ba06aa) Importer(815301076,1909f56bfc062723c751e8b465ee728b)
Start importing Assets/Prefab/Ceiling_Light 1.prefab using Guid(a8af73a3041de4546826213410ba06aa) Importer(815301076,1909f56bfc062723c751e8b465ee728b)  -> (artifact id: '09b71e581d0abfcbbadb3681e60bc853') in 0.043426 seconds 
========================================================================
Received Import Request.
  Time since last request: 0.000022 seconds.
  path: Assets/Prefab/School_props/fire.fbx
  artifactKey: Guid(400505d5a5ae5cc47bc16dc4307f2c04) Importer(815301076,1909f56bfc062723c751e8b465ee728b)
Start importing Assets/Prefab/School_props/fire.fbx using Guid(400505d5a5ae5cc47bc16dc4307f2c04) Importer(815301076,1909f56bfc062723c751e8b465ee728b)  -> (artifact id: 'c6f156e889dc4c3641861522838103cf') in 0.045979 seconds 
Editor requested this worker to shutdown with reason: Scaling down because of idle timeout
AssetImportWorkerClient::OnTransportError - code=2 error=End of file
AssetImportWorker is now disconnected from the server
Process exiting
Exiting without the bug reporter. Application will terminate with return code 0