Using pre-set license
Built from '2021.3/staging' branch; Version is '2021.3.25f1 (68ef2c4f8861) revision 6876972'; Using compiler version '192829333'; Build Type 'Release'
OS: 'Windows 11  (10.0.22621) 64bit Core' Language: 'en' Physical Memory: 7953 MB
BatchMode: 1, IsHumanControllingUs: 0, StartBugReporterOnCrash: 0, Is64bit: 1, IsPro: 1

COMMAND LINE ARGUMENTS:
C:\Program Files\Unity\Hub\Editor\2021.3.25f1\Editor\Unity.exe
-adb2
-batchMode
-noUpm
-name
AssetImportWorker2
-projectPath
C:/Users/14423/OneDrive/Desktop/Unity/PeerPressure
-logFile
Logs/AssetImportWorker2.log
-srvPort
55603
Successfully changed project path to: C:/Users/14423/OneDrive/Desktop/Unity/PeerPressure
C:/Users/14423/OneDrive/Desktop/Unity/PeerPressure
[UnityMemory] Configuration Parameters - Can be set up in boot.config
    "memorysetup-bucket-allocator-granularity=16"
    "memorysetup-bucket-allocator-bucket-count=8"
    "memorysetup-bucket-allocator-block-size=33554432"
    "memorysetup-bucket-allocator-block-count=8"
    "memorysetup-main-allocator-block-size=16777216"
    "memorysetup-thread-allocator-block-size=16777216"
    "memorysetup-gfx-main-allocator-block-size=16777216"
    "memorysetup-gfx-thread-allocator-block-size=16777216"
    "memorysetup-cache-allocator-block-size=4194304"
    "memorysetup-typetree-allocator-block-size=2097152"
    "memorysetup-profiler-bucket-allocator-granularity=16"
    "memorysetup-profiler-bucket-allocator-bucket-count=8"
    "memorysetup-profiler-bucket-allocator-block-size=33554432"
    "memorysetup-profiler-bucket-allocator-block-count=8"
    "memorysetup-profiler-allocator-block-size=16777216"
    "memorysetup-profiler-editor-allocator-block-size=1048576"
    "memorysetup-temp-allocator-size-main=16777216"
    "memorysetup-job-temp-allocator-block-size=2097152"
    "memorysetup-job-temp-allocator-block-size-background=1048576"
    "memorysetup-job-temp-allocator-reduction-small-platforms=262144"
    "memorysetup-temp-allocator-size-background-worker=32768"
    "memorysetup-temp-allocator-size-job-worker=262144"
    "memorysetup-temp-allocator-size-preload-manager=33554432"
    "memorysetup-temp-allocator-size-nav-mesh-worker=65536"
    "memorysetup-temp-allocator-size-audio-worker=65536"
    "memorysetup-temp-allocator-size-cloud-worker=32768"
    "memorysetup-temp-allocator-size-gi-baking-worker=262144"
    "memorysetup-temp-allocator-size-gfx=262144"
Player connection [17432] Host "[IP] 192.168.0.219 [Port] 0 [Flags] 2 [Guid] 2328536646 [EditorId] 2328536646 [Version] 1048832 [Id] WindowsEditor(7,HuyDSon) [Debug] 1 [PackageName] WindowsEditor [ProjectName] Editor" joined multi-casting on [225.0.0.222:54997]...

Player connection [17432] Host "[IP] 192.168.0.219 [Port] 0 [Flags] 2 [Guid] 2328536646 [EditorId] 2328536646 [Version] 1048832 [Id] WindowsEditor(7,HuyDSon) [Debug] 1 [PackageName] WindowsEditor [ProjectName] Editor" joined alternative multi-casting on [225.0.0.222:34997]...

Refreshing native plugins compatible for Editor in 91.22 ms, found 3 plugins.
Preloading 0 native plugins for Editor in 0.00 ms.
Initialize engine version: 2021.3.25f1 (68ef2c4f8861)
[Subsystems] Discovering subsystems at path C:/Program Files/Unity/Hub/Editor/2021.3.25f1/Editor/Data/Resources/UnitySubsystems
[Subsystems] Discovering subsystems at path C:/Users/14423/OneDrive/Desktop/Unity/PeerPressure/Assets
GfxDevice: creating device client; threaded=0; jobified=0
Direct3D:
    Version:  Direct3D 11.0 [level 11.1]
    Renderer: Intel(R) Iris(R) Xe Graphics (ID=0x9a49)
    Vendor:   Intel
    VRAM:     3976 MB
    Driver:   30.0.101.1191
Initialize mono
Mono path[0] = 'C:/Program Files/Unity/Hub/Editor/2021.3.25f1/Editor/Data/Managed'
Mono path[1] = 'C:/Program Files/Unity/Hub/Editor/2021.3.25f1/Editor/Data/MonoBleedingEdge/lib/mono/unityjit-win32'
Mono config path = 'C:/Program Files/Unity/Hub/Editor/2021.3.25f1/Editor/Data/MonoBleedingEdge/etc'
Using monoOptions --debugger-agent=transport=dt_socket,embedding=1,server=y,suspend=n,address=127.0.0.1:56036
Begin MonoManager ReloadAssembly
Registering precompiled unity dll's ...
Register platform support module: C:/Program Files/Unity/Hub/Editor/2021.3.25f1/Editor/Data/PlaybackEngines/WebGLSupport/UnityEditor.WebGL.Extensions.dll
Register platform support module: C:/Program Files/Unity/Hub/Editor/2021.3.25f1/Editor/Data/PlaybackEngines/MacStandaloneSupport/UnityEditor.OSXStandalone.Extensions.dll
Register platform support module: C:/Program Files/Unity/Hub/Editor/2021.3.25f1/Editor/Data/PlaybackEngines/AndroidPlayer/UnityEditor.Android.Extensions.dll
Register platform support module: C:/Program Files/Unity/Hub/Editor/2021.3.25f1/Editor/Data/PlaybackEngines/iOSSupport/UnityEditor.iOS.Extensions.dll
Register platform support module: C:/Program Files/Unity/Hub/Editor/2021.3.25f1/Editor/Data/PlaybackEngines/AppleTVSupport/UnityEditor.AppleTV.Extensions.dll
Register platform support module: C:/Program Files/Unity/Hub/Editor/2021.3.25f1/Editor/Data/PlaybackEngines/WindowsStandaloneSupport/UnityEditor.WindowsStandalone.Extensions.dll
Register platform support module: C:/Program Files/Unity/Hub/Editor/2021.3.25f1/Editor/Data/PlaybackEngines/LinuxStandaloneSupport/UnityEditor.LinuxStandalone.Extensions.dll
Register platform support module: C:/Program Files/Unity/Hub/Editor/2021.3.25f1/Editor/Data/PlaybackEngines/MetroSupport/UnityEditor.UWP.Extensions.dll
Registered in 0.007193 seconds.
Native extension for UWP target not found
Native extension for LinuxStandalone target not found
Native extension for WindowsStandalone target not found
[usbmuxd] Start listen thread
[usbmuxd] Listen thread started
Native extension for AppleTV target not found
[usbmuxd] Start listen thread
[usbmuxd] Listen thread started
Native extension for iOS target not found
Native extension for Android target not found
Android Extension - Scanning For ADB Devices 818 ms
Native extension for OSXStandalone target not found
Native extension for WebGL target not found
Refreshing native plugins compatible for Editor in 195.11 ms, found 3 plugins.
Preloading 0 native plugins for Editor in 0.00 ms.
Mono: successfully reloaded assembly
- Completed reload, in  2.069 seconds
Domain Reload Profiling:
	ReloadAssembly (2070ms)
		BeginReloadAssembly (114ms)
			ExecutionOrderSort (0ms)
			DisableScriptedObjects (0ms)
			BackupInstance (0ms)
			ReleaseScriptingObjects (0ms)
			CreateAndSetChildDomain (1ms)
		EndReloadAssembly (1855ms)
			LoadAssemblies (112ms)
			RebuildTransferFunctionScriptingTraits (0ms)
			SetupTypeCache (144ms)
			ReleaseScriptCaches (0ms)
			RebuildScriptCaches (27ms)
			SetupLoadedEditorAssemblies (1626ms)
				LogAssemblyErrors (0ms)
				InitializePlatformSupportModulesInManaged (1042ms)
				SetLoadedEditorAssemblies (0ms)
				RefreshPlugins (195ms)
				BeforeProcessingInitializeOnLoad (2ms)
				ProcessInitializeOnLoadAttributes (215ms)
				ProcessInitializeOnLoadMethodAttributes (171ms)
				AfterProcessingInitializeOnLoad (0ms)
				EditorAssembliesLoaded (0ms)
			ExecutionOrderSort2 (0ms)
			AwakeInstancesAfterBackupRestoration (0ms)
Platform modules already initialized, skipping
Registering precompiled user dll's ...
Registered in 0.012534 seconds.
Begin MonoManager ReloadAssembly
Symbol file LoadedFromMemory doesn't match image C:\Users\14423\OneDrive\Desktop\Unity\PeerPressure\Library\PackageCache\com.unity.visualscripting@1.8.0\Editor\VisualScripting.Core\Dependencies\YamlDotNet\Unity.VisualScripting.YamlDotNet.dll
Symbol file LoadedFromMemory doesn't match image C:\Users\14423\OneDrive\Desktop\Unity\PeerPressure\Library\PackageCache\com.unity.visualscripting@1.8.0\Editor\VisualScripting.Core\Dependencies\DotNetZip\Unity.VisualScripting.IonicZip.dll
Native extension for UWP target not found
Native extension for LinuxStandalone target not found
Native extension for WindowsStandalone target not found
Native extension for AppleTV target not found
Native extension for iOS target not found
Native extension for Android target not found
Native extension for OSXStandalone target not found
Native extension for WebGL target not found
Refreshing native plugins compatible for Editor in 1.59 ms, found 3 plugins.
Preloading 0 native plugins for Editor in 0.00 ms.
Mono: successfully reloaded assembly
- Completed reload, in  3.155 seconds
Domain Reload Profiling:
	ReloadAssembly (3157ms)
		BeginReloadAssembly (215ms)
			ExecutionOrderSort (0ms)
			DisableScriptedObjects (9ms)
			BackupInstance (0ms)
			ReleaseScriptingObjects (0ms)
			CreateAndSetChildDomain (33ms)
		EndReloadAssembly (2727ms)
			LoadAssemblies (264ms)
			RebuildTransferFunctionScriptingTraits (0ms)
			SetupTypeCache (855ms)
			ReleaseScriptCaches (3ms)
			RebuildScriptCaches (173ms)
			SetupLoadedEditorAssemblies (1212ms)
				LogAssemblyErrors (0ms)
				InitializePlatformSupportModulesInManaged (99ms)
				SetLoadedEditorAssemblies (1ms)
				RefreshPlugins (2ms)
				BeforeProcessingInitializeOnLoad (276ms)
				ProcessInitializeOnLoadAttributes (750ms)
				ProcessInitializeOnLoadMethodAttributes (62ms)
				AfterProcessingInitializeOnLoad (21ms)
				EditorAssembliesLoaded (0ms)
			ExecutionOrderSort2 (0ms)
			AwakeInstancesAfterBackupRestoration (18ms)
Platform modules already initialized, skipping
========================================================================
Worker process is ready to serve import requests
Launched and connected shader compiler UnityShaderCompiler.exe after 0.06 seconds
Refreshing native plugins compatible for Editor in 1.74 ms, found 3 plugins.
Preloading 0 native plugins for Editor in 0.00 ms.
Unloading 3252 Unused Serialized files (Serialized files now loaded: 0)
Unloading 37 unused Assets / (412.4 KB). Loaded Objects now: 3718.
Memory consumption went from 124.0 MB to 123.6 MB.
Total: 9.763200 ms (FindLiveObjects: 0.704200 ms CreateObjectMapping: 0.452600 ms MarkObjects: 8.149600 ms  DeleteObjects: 0.452800 ms)

AssetImportParameters requested are different than current active one (requested -> active):
  custom:video-decoder-ogg-theora: a1e56fd34408186e4bbccfd4996cb3dc -> 
  custom:container-muxer-webm: aa71ff27fc2769a1b78a27578f13a17b -> 
  custom:container-demuxer-webm: 4f35f7cbe854078d1ac9338744f61a02 -> 
  custom:video-encoder-webm-vp8: eb34c28f22e8b96e1ab97ce403110664 -> 
  custom:video-codec-MediaFoundation-h265: 746d11721c4dcdbdad8f713fa42b33f4 -> 
  custom:audio-encoder-webm-vorbis: bf7c407c2cedff20999df2af8eb42d56 -> 
  custom:framework-win-MediaFoundation: 216162199b28c13a410421893ffa2e32 -> 
  custom:container-demuxer-ogg: 62fdf1f143b41e24485cea50d1cbac27 -> 
  custom:video-decoder-webm-vp8: 9c59270c3fd7afecdb556c50c9e8de78 -> 
  custom:audio-decoder-ogg-vorbis: bf7c407c2cedff20999df2af8eb42d56 -> 
========================================================================
Received Import Request.
  Time since last request: 301547.414962 seconds.
  path: Assets/Bre Assets/Models/Colors Worksheet EXPORT.fbx
  artifactKey: Guid(9cc6ae3d2b7c877408dd2695ac74618f) Importer(815301076,1909f56bfc062723c751e8b465ee728b)
Start importing Assets/Bre Assets/Models/Colors Worksheet EXPORT.fbx using Guid(9cc6ae3d2b7c877408dd2695ac74618f) Importer(815301076,1909f56bfc062723c751e8b465ee728b)  -> (artifact id: '2b867278e678a19ff92809d00d634646') in 0.336546 seconds 
========================================================================
Received Import Request.
  Time since last request: 0.000030 seconds.
  path: Assets/Bre Assets/Models/Classroom Window V3 EXPORT.fbx
  artifactKey: Guid(6b99a2bcc7d9da648b812eaa70cd00ec) Importer(815301076,1909f56bfc062723c751e8b465ee728b)
Start importing Assets/Bre Assets/Models/Classroom Window V3 EXPORT.fbx using Guid(6b99a2bcc7d9da648b812eaa70cd00ec) Importer(815301076,1909f56bfc062723c751e8b465ee728b)  -> (artifact id: '87cb3edaf79b7b729e71888c230705c4') in 0.150205 seconds 
========================================================================
Received Import Request.
  Time since last request: 0.000095 seconds.
  path: Assets/Bre Assets/Models/Classroom Window V2 EXPORT.fbx
  artifactKey: Guid(fb19fa4c90f3dea4fa42733416e5948a) Importer(815301076,1909f56bfc062723c751e8b465ee728b)
Start importing Assets/Bre Assets/Models/Classroom Window V2 EXPORT.fbx using Guid(fb19fa4c90f3dea4fa42733416e5948a) Importer(815301076,1909f56bfc062723c751e8b465ee728b)  -> (artifact id: '05277eef681478dc8d5157811ce83b33') in 0.076716 seconds 
========================================================================
Received Import Request.
  Time since last request: 0.000046 seconds.
  path: Assets/Bre Assets/Models/Fence Section EXPORT.fbx
  artifactKey: Guid(e2a96542d74be134e8533e756933c4ae) Importer(815301076,1909f56bfc062723c751e8b465ee728b)
Start importing Assets/Bre Assets/Models/Fence Section EXPORT.fbx using Guid(e2a96542d74be134e8533e756933c4ae) Importer(815301076,1909f56bfc062723c751e8b465ee728b)  -> (artifact id: 'c126bf8125cf0f1164a96699076c7058') in 0.122008 seconds 
========================================================================
Received Import Request.
  Time since last request: 0.000037 seconds.
  path: Assets/Bre Assets/Models/Mug V2 EXPORT.fbx
  artifactKey: Guid(952649e5a96d36f4c975cfe18c04d5c9) Importer(815301076,1909f56bfc062723c751e8b465ee728b)
Start importing Assets/Bre Assets/Models/Mug V2 EXPORT.fbx using Guid(952649e5a96d36f4c975cfe18c04d5c9) Importer(815301076,1909f56bfc062723c751e8b465ee728b)  -> (artifact id: 'e5d6dd9fe6e76808b59f095f0f2f95ff') in 0.044590 seconds 
========================================================================
Received Import Request.
  Time since last request: 0.000057 seconds.
  path: Assets/Bre Assets/Models/Cup EXPORT.fbx
  artifactKey: Guid(99378372a2e721b42855e3d432ded6b3) Importer(815301076,1909f56bfc062723c751e8b465ee728b)
Start importing Assets/Bre Assets/Models/Cup EXPORT.fbx using Guid(99378372a2e721b42855e3d432ded6b3) Importer(815301076,1909f56bfc062723c751e8b465ee728b)  -> (artifact id: 'b440dbc11948ad33e6359fe83132c781') in 0.334225 seconds 
========================================================================
Received Import Request.
  Time since last request: 0.000085 seconds.
  path: Assets/Bre Assets/Models/Cubby V2 EXPORT.fbx
  artifactKey: Guid(3238554fa52fb6841979b34d757a52e5) Importer(815301076,1909f56bfc062723c751e8b465ee728b)
Start importing Assets/Bre Assets/Models/Cubby V2 EXPORT.fbx using Guid(3238554fa52fb6841979b34d757a52e5) Importer(815301076,1909f56bfc062723c751e8b465ee728b)  -> (artifact id: '39799897d0af5b58e744417496fbe0e9') in 0.032530 seconds 
========================================================================
Received Import Request.
  Time since last request: 0.000080 seconds.
  path: Assets/Bre Assets/Models/Ceiling Light V1 EXPORT.fbx
  artifactKey: Guid(9d3adc097dd0fe14785e6d5b8054e5cb) Importer(815301076,1909f56bfc062723c751e8b465ee728b)
Start importing Assets/Bre Assets/Models/Ceiling Light V1 EXPORT.fbx using Guid(9d3adc097dd0fe14785e6d5b8054e5cb) Importer(815301076,1909f56bfc062723c751e8b465ee728b)  -> (artifact id: 'f73c1d12365bac63af418a12a7404fac') in 0.731343 seconds 
